<?xml version="1.0" encoding="UTF-8"?>
<testsuite xmlns:xsi="http://www.w3.org/2001/XMLSchema-instance" xsi:noNamespaceSchemaLocation="https://maven.apache.org/surefire/maven-surefire-plugin/xsd/surefire-test-report-3.0.xsd" version="3.0" name="com.Photography.PhotographyPortfolioApplicationTests" time="12.242" tests="1" errors="0" skipped="0" failures="0">
  <properties>
    <property name="java.specification.version" value="17"/>
    <property name="sun.cpu.isalist" value="amd64"/>
    <property name="sun.jnu.encoding" value="Cp1252"/>
    <property name="java.class.path" value="D:\Spring (Eclipse)\PhotographyPortfolio\target\test-classes;D:\Spring (Eclipse)\PhotographyPortfolio\target\classes;C:\Users\Windows\.m2\repository\org\springframework\boot\spring-boot-starter-web\3.2.7\spring-boot-starter-web-3.2.7.jar;C:\Users\Windows\.m2\repository\org\springframework\boot\spring-boot-starter\3.2.7\spring-boot-starter-3.2.7.jar;C:\Users\Windows\.m2\repository\org\springframework\boot\spring-boot-starter-logging\3.2.7\spring-boot-starter-logging-3.2.7.jar;C:\Users\Windows\.m2\repository\ch\qos\logback\logback-classic\1.4.14\logback-classic-1.4.14.jar;C:\Users\Windows\.m2\repository\ch\qos\logback\logback-core\1.4.14\logback-core-1.4.14.jar;C:\Users\Windows\.m2\repository\org\apache\logging\log4j\log4j-to-slf4j\2.21.1\log4j-to-slf4j-2.21.1.jar;C:\Users\Windows\.m2\repository\org\apache\logging\log4j\log4j-api\2.21.1\log4j-api-2.21.1.jar;C:\Users\Windows\.m2\repository\org\slf4j\jul-to-slf4j\2.0.13\jul-to-slf4j-2.0.13.jar;C:\Users\Windows\.m2\repository\jakarta\annotation\jakarta.annotation-api\2.1.1\jakarta.annotation-api-2.1.1.jar;C:\Users\Windows\.m2\repository\org\yaml\snakeyaml\2.2\snakeyaml-2.2.jar;C:\Users\Windows\.m2\repository\org\springframework\boot\spring-boot-starter-json\3.2.7\spring-boot-starter-json-3.2.7.jar;C:\Users\Windows\.m2\repository\com\fasterxml\jackson\datatype\jackson-datatype-jdk8\2.15.4\jackson-datatype-jdk8-2.15.4.jar;C:\Users\Windows\.m2\repository\com\fasterxml\jackson\datatype\jackson-datatype-jsr310\2.15.4\jackson-datatype-jsr310-2.15.4.jar;C:\Users\Windows\.m2\repository\com\fasterxml\jackson\module\jackson-module-parameter-names\2.15.4\jackson-module-parameter-names-2.15.4.jar;C:\Users\Windows\.m2\repository\org\springframework\boot\spring-boot-starter-tomcat\3.2.7\spring-boot-starter-tomcat-3.2.7.jar;C:\Users\Windows\.m2\repository\org\apache\tomcat\embed\tomcat-embed-core\10.1.25\tomcat-embed-core-10.1.25.jar;C:\Users\Windows\.m2\repository\org\apache\tomcat\embed\tomcat-embed-el\10.1.25\tomcat-embed-el-10.1.25.jar;C:\Users\Windows\.m2\repository\org\apache\tomcat\embed\tomcat-embed-websocket\10.1.25\tomcat-embed-websocket-10.1.25.jar;C:\Users\Windows\.m2\repository\org\springframework\spring-web\6.1.10\spring-web-6.1.10.jar;C:\Users\Windows\.m2\repository\org\springframework\spring-beans\6.1.10\spring-beans-6.1.10.jar;C:\Users\Windows\.m2\repository\io\micrometer\micrometer-observation\1.12.7\micrometer-observation-1.12.7.jar;C:\Users\Windows\.m2\repository\io\micrometer\micrometer-commons\1.12.7\micrometer-commons-1.12.7.jar;C:\Users\Windows\.m2\repository\org\springframework\spring-webmvc\6.1.10\spring-webmvc-6.1.10.jar;C:\Users\Windows\.m2\repository\org\springframework\spring-context\6.1.10\spring-context-6.1.10.jar;C:\Users\Windows\.m2\repository\org\springframework\spring-expression\6.1.10\spring-expression-6.1.10.jar;C:\Users\Windows\.m2\repository\org\springframework\boot\spring-boot-starter-test\3.2.7\spring-boot-starter-test-3.2.7.jar;C:\Users\Windows\.m2\repository\org\springframework\boot\spring-boot-test\3.2.7\spring-boot-test-3.2.7.jar;C:\Users\Windows\.m2\repository\org\springframework\boot\spring-boot-test-autoconfigure\3.2.7\spring-boot-test-autoconfigure-3.2.7.jar;C:\Users\Windows\.m2\repository\com\jayway\jsonpath\json-path\2.9.0\json-path-2.9.0.jar;C:\Users\Windows\.m2\repository\org\slf4j\slf4j-api\2.0.13\slf4j-api-2.0.13.jar;C:\Users\Windows\.m2\repository\jakarta\xml\bind\jakarta.xml.bind-api\4.0.2\jakarta.xml.bind-api-4.0.2.jar;C:\Users\Windows\.m2\repository\jakarta\activation\jakarta.activation-api\2.1.3\jakarta.activation-api-2.1.3.jar;C:\Users\Windows\.m2\repository\net\minidev\json-smart\2.5.1\json-smart-2.5.1.jar;C:\Users\Windows\.m2\repository\net\minidev\accessors-smart\2.5.1\accessors-smart-2.5.1.jar;C:\Users\Windows\.m2\repository\org\ow2\asm\asm\9.6\asm-9.6.jar;C:\Users\Windows\.m2\repository\org\assertj\assertj-core\3.24.2\assertj-core-3.24.2.jar;C:\Users\Windows\.m2\repository\net\bytebuddy\byte-buddy\1.14.17\byte-buddy-1.14.17.jar;C:\Users\Windows\.m2\repository\org\awaitility\awaitility\4.2.1\awaitility-4.2.1.jar;C:\Users\Windows\.m2\repository\org\hamcrest\hamcrest\2.2\hamcrest-2.2.jar;C:\Users\Windows\.m2\repository\org\junit\jupiter\junit-jupiter\5.10.2\junit-jupiter-5.10.2.jar;C:\Users\Windows\.m2\repository\org\junit\jupiter\junit-jupiter-api\5.10.2\junit-jupiter-api-5.10.2.jar;C:\Users\Windows\.m2\repository\org\opentest4j\opentest4j\1.3.0\opentest4j-1.3.0.jar;C:\Users\Windows\.m2\repository\org\junit\platform\junit-platform-commons\1.10.2\junit-platform-commons-1.10.2.jar;C:\Users\Windows\.m2\repository\org\apiguardian\apiguardian-api\1.1.2\apiguardian-api-1.1.2.jar;C:\Users\Windows\.m2\repository\org\junit\jupiter\junit-jupiter-params\5.10.2\junit-jupiter-params-5.10.2.jar;C:\Users\Windows\.m2\repository\org\junit\jupiter\junit-jupiter-engine\5.10.2\junit-jupiter-engine-5.10.2.jar;C:\Users\Windows\.m2\repository\org\junit\platform\junit-platform-engine\1.10.2\junit-platform-engine-1.10.2.jar;C:\Users\Windows\.m2\repository\org\mockito\mockito-core\5.7.0\mockito-core-5.7.0.jar;C:\Users\Windows\.m2\repository\net\bytebuddy\byte-buddy-agent\1.14.17\byte-buddy-agent-1.14.17.jar;C:\Users\Windows\.m2\repository\org\objenesis\objenesis\3.3\objenesis-3.3.jar;C:\Users\Windows\.m2\repository\org\mockito\mockito-junit-jupiter\5.7.0\mockito-junit-jupiter-5.7.0.jar;C:\Users\Windows\.m2\repository\org\skyscreamer\jsonassert\1.5.1\jsonassert-1.5.1.jar;C:\Users\Windows\.m2\repository\com\vaadin\external\google\android-json\0.0.20131108.vaadin1\android-json-0.0.20131108.vaadin1.jar;C:\Users\Windows\.m2\repository\org\springframework\spring-core\6.1.10\spring-core-6.1.10.jar;C:\Users\Windows\.m2\repository\org\springframework\spring-jcl\6.1.10\spring-jcl-6.1.10.jar;C:\Users\Windows\.m2\repository\org\springframework\spring-test\6.1.10\spring-test-6.1.10.jar;C:\Users\Windows\.m2\repository\org\xmlunit\xmlunit-core\2.9.1\xmlunit-core-2.9.1.jar;C:\Users\Windows\.m2\repository\org\springframework\boot\spring-boot-starter-data-mongodb\3.2.7\spring-boot-starter-data-mongodb-3.2.7.jar;C:\Users\Windows\.m2\repository\org\springframework\data\spring-data-mongodb\4.2.7\spring-data-mongodb-4.2.7.jar;C:\Users\Windows\.m2\repository\org\springframework\spring-tx\6.1.10\spring-tx-6.1.10.jar;C:\Users\Windows\.m2\repository\org\springframework\data\spring-data-commons\3.2.7\spring-data-commons-3.2.7.jar;C:\Users\Windows\.m2\repository\org\mongodb\mongodb-driver-sync\4.11.2\mongodb-driver-sync-4.11.2.jar;C:\Users\Windows\.m2\repository\org\mongodb\bson\4.11.2\bson-4.11.2.jar;C:\Users\Windows\.m2\repository\org\mongodb\mongodb-driver-core\4.11.2\mongodb-driver-core-4.11.2.jar;C:\Users\Windows\.m2\repository\org\mongodb\bson-record-codec\4.11.2\bson-record-codec-4.11.2.jar;C:\Users\Windows\.m2\repository\org\springframework\boot\spring-boot-starter-mail\3.2.7\spring-boot-starter-mail-3.2.7.jar;C:\Users\Windows\.m2\repository\org\springframework\spring-context-support\6.1.10\spring-context-support-6.1.10.jar;C:\Users\Windows\.m2\repository\org\eclipse\angus\jakarta.mail\2.0.3\jakarta.mail-2.0.3.jar;C:\Users\Windows\.m2\repository\org\eclipse\angus\angus-activation\2.0.2\angus-activation-2.0.2.jar;C:\Users\Windows\.m2\repository\org\springframework\boot\spring-boot-starter-security\3.2.7\spring-boot-starter-security-3.2.7.jar;C:\Users\Windows\.m2\repository\org\springframework\spring-aop\6.1.10\spring-aop-6.1.10.jar;C:\Users\Windows\.m2\repository\org\springframework\security\spring-security-config\6.2.5\spring-security-config-6.2.5.jar;C:\Users\Windows\.m2\repository\org\springframework\security\spring-security-core\6.2.5\spring-security-core-6.2.5.jar;C:\Users\Windows\.m2\repository\org\springframework\security\spring-security-crypto\6.2.5\spring-security-crypto-6.2.5.jar;C:\Users\Windows\.m2\repository\org\springframework\security\spring-security-web\6.2.5\spring-security-web-6.2.5.jar;C:\Users\Windows\.m2\repository\org\springframework\boot\spring-boot-devtools\3.2.7\spring-boot-devtools-3.2.7.jar;C:\Users\Windows\.m2\repository\org\springframework\boot\spring-boot\3.2.7\spring-boot-3.2.7.jar;C:\Users\Windows\.m2\repository\org\springframework\boot\spring-boot-autoconfigure\3.2.7\spring-boot-autoconfigure-3.2.7.jar;C:\Users\Windows\.m2\repository\io\jsonwebtoken\jjwt-api\0.12.5\jjwt-api-0.12.5.jar;C:\Users\Windows\.m2\repository\io\jsonwebtoken\jjwt-impl\0.12.5\jjwt-impl-0.12.5.jar;C:\Users\Windows\.m2\repository\io\jsonwebtoken\jjwt-jackson\0.12.5\jjwt-jackson-0.12.5.jar;C:\Users\Windows\.m2\repository\com\fasterxml\jackson\core\jackson-databind\2.15.4\jackson-databind-2.15.4.jar;C:\Users\Windows\.m2\repository\com\fasterxml\jackson\core\jackson-annotations\2.15.4\jackson-annotations-2.15.4.jar;C:\Users\Windows\.m2\repository\com\fasterxml\jackson\core\jackson-core\2.15.4\jackson-core-2.15.4.jar;C:\Users\Windows\.m2\repository\io\github\cdimascio\dotenv-java\2.2.0\dotenv-java-2.2.0.jar;"/>
    <property name="java.vm.vendor" value="Eclipse Adoptium"/>
    <property name="sun.arch.data.model" value="64"/>
    <property name="user.variant" value=""/>
    <property name="java.vendor.url" value="https://adoptium.net/"/>
    <property name="user.timezone" value="Asia/Calcutta"/>
    <property name="os.name" value="Windows 11"/>
    <property name="java.vm.specification.version" value="17"/>
    <property name="sun.java.launcher" value="SUN_STANDARD"/>
    <property name="user.country" value="IN"/>
    <property name="sun.boot.library.path" value="C:\Users\Windows\Downloads\sts-4.20.1.RELEASE\plugins\org.eclipse.justj.openjdk.hotspot.jre.full.win32.x86_64_17.0.8.v20230831-1047\jre\bin"/>
    <property name="sun.java.command" value="C:\Users\Windows\AppData\Local\Temp\surefire13007440542474034854\surefirebooter-20240627133950422_3.jar C:\Users\Windows\AppData\Local\Temp\surefire13007440542474034854 2024-06-27T13-39-49_906-jvmRun1 surefire-20240627133950422_1tmp surefire_0-20240627133950422_2tmp"/>
    <property name="jdk.debug" value="release"/>
    <property name="surefire.test.class.path" value="D:\Spring (Eclipse)\PhotographyPortfolio\target\test-classes;D:\Spring (Eclipse)\PhotographyPortfolio\target\classes;C:\Users\Windows\.m2\repository\org\springframework\boot\spring-boot-starter-web\3.2.7\spring-boot-starter-web-3.2.7.jar;C:\Users\Windows\.m2\repository\org\springframework\boot\spring-boot-starter\3.2.7\spring-boot-starter-3.2.7.jar;C:\Users\Windows\.m2\repository\org\springframework\boot\spring-boot-starter-logging\3.2.7\spring-boot-starter-logging-3.2.7.jar;C:\Users\Windows\.m2\repository\ch\qos\logback\logback-classic\1.4.14\logback-classic-1.4.14.jar;C:\Users\Windows\.m2\repository\ch\qos\logback\logback-core\1.4.14\logback-core-1.4.14.jar;C:\Users\Windows\.m2\repository\org\apache\logging\log4j\log4j-to-slf4j\2.21.1\log4j-to-slf4j-2.21.1.jar;C:\Users\Windows\.m2\repository\org\apache\logging\log4j\log4j-api\2.21.1\log4j-api-2.21.1.jar;C:\Users\Windows\.m2\repository\org\slf4j\jul-to-slf4j\2.0.13\jul-to-slf4j-2.0.13.jar;C:\Users\Windows\.m2\repository\jakarta\annotation\jakarta.annotation-api\2.1.1\jakarta.annotation-api-2.1.1.jar;C:\Users\Windows\.m2\repository\org\yaml\snakeyaml\2.2\snakeyaml-2.2.jar;C:\Users\Windows\.m2\repository\org\springframework\boot\spring-boot-starter-json\3.2.7\spring-boot-starter-json-3.2.7.jar;C:\Users\Windows\.m2\repository\com\fasterxml\jackson\datatype\jackson-datatype-jdk8\2.15.4\jackson-datatype-jdk8-2.15.4.jar;C:\Users\Windows\.m2\repository\com\fasterxml\jackson\datatype\jackson-datatype-jsr310\2.15.4\jackson-datatype-jsr310-2.15.4.jar;C:\Users\Windows\.m2\repository\com\fasterxml\jackson\module\jackson-module-parameter-names\2.15.4\jackson-module-parameter-names-2.15.4.jar;C:\Users\Windows\.m2\repository\org\springframework\boot\spring-boot-starter-tomcat\3.2.7\spring-boot-starter-tomcat-3.2.7.jar;C:\Users\Windows\.m2\repository\org\apache\tomcat\embed\tomcat-embed-core\10.1.25\tomcat-embed-core-10.1.25.jar;C:\Users\Windows\.m2\repository\org\apache\tomcat\embed\tomcat-embed-el\10.1.25\tomcat-embed-el-10.1.25.jar;C:\Users\Windows\.m2\repository\org\apache\tomcat\embed\tomcat-embed-websocket\10.1.25\tomcat-embed-websocket-10.1.25.jar;C:\Users\Windows\.m2\repository\org\springframework\spring-web\6.1.10\spring-web-6.1.10.jar;C:\Users\Windows\.m2\repository\org\springframework\spring-beans\6.1.10\spring-beans-6.1.10.jar;C:\Users\Windows\.m2\repository\io\micrometer\micrometer-observation\1.12.7\micrometer-observation-1.12.7.jar;C:\Users\Windows\.m2\repository\io\micrometer\micrometer-commons\1.12.7\micrometer-commons-1.12.7.jar;C:\Users\Windows\.m2\repository\org\springframework\spring-webmvc\6.1.10\spring-webmvc-6.1.10.jar;C:\Users\Windows\.m2\repository\org\springframework\spring-context\6.1.10\spring-context-6.1.10.jar;C:\Users\Windows\.m2\repository\org\springframework\spring-expression\6.1.10\spring-expression-6.1.10.jar;C:\Users\Windows\.m2\repository\org\springframework\boot\spring-boot-starter-test\3.2.7\spring-boot-starter-test-3.2.7.jar;C:\Users\Windows\.m2\repository\org\springframework\boot\spring-boot-test\3.2.7\spring-boot-test-3.2.7.jar;C:\Users\Windows\.m2\repository\org\springframework\boot\spring-boot-test-autoconfigure\3.2.7\spring-boot-test-autoconfigure-3.2.7.jar;C:\Users\Windows\.m2\repository\com\jayway\jsonpath\json-path\2.9.0\json-path-2.9.0.jar;C:\Users\Windows\.m2\repository\org\slf4j\slf4j-api\2.0.13\slf4j-api-2.0.13.jar;C:\Users\Windows\.m2\repository\jakarta\xml\bind\jakarta.xml.bind-api\4.0.2\jakarta.xml.bind-api-4.0.2.jar;C:\Users\Windows\.m2\repository\jakarta\activation\jakarta.activation-api\2.1.3\jakarta.activation-api-2.1.3.jar;C:\Users\Windows\.m2\repository\net\minidev\json-smart\2.5.1\json-smart-2.5.1.jar;C:\Users\Windows\.m2\repository\net\minidev\accessors-smart\2.5.1\accessors-smart-2.5.1.jar;C:\Users\Windows\.m2\repository\org\ow2\asm\asm\9.6\asm-9.6.jar;C:\Users\Windows\.m2\repository\org\assertj\assertj-core\3.24.2\assertj-core-3.24.2.jar;C:\Users\Windows\.m2\repository\net\bytebuddy\byte-buddy\1.14.17\byte-buddy-1.14.17.jar;C:\Users\Windows\.m2\repository\org\awaitility\awaitility\4.2.1\awaitility-4.2.1.jar;C:\Users\Windows\.m2\repository\org\hamcrest\hamcrest\2.2\hamcrest-2.2.jar;C:\Users\Windows\.m2\repository\org\junit\jupiter\junit-jupiter\5.10.2\junit-jupiter-5.10.2.jar;C:\Users\Windows\.m2\repository\org\junit\jupiter\junit-jupiter-api\5.10.2\junit-jupiter-api-5.10.2.jar;C:\Users\Windows\.m2\repository\org\opentest4j\opentest4j\1.3.0\opentest4j-1.3.0.jar;C:\Users\Windows\.m2\repository\org\junit\platform\junit-platform-commons\1.10.2\junit-platform-commons-1.10.2.jar;C:\Users\Windows\.m2\repository\org\apiguardian\apiguardian-api\1.1.2\apiguardian-api-1.1.2.jar;C:\Users\Windows\.m2\repository\org\junit\jupiter\junit-jupiter-params\5.10.2\junit-jupiter-params-5.10.2.jar;C:\Users\Windows\.m2\repository\org\junit\jupiter\junit-jupiter-engine\5.10.2\junit-jupiter-engine-5.10.2.jar;C:\Users\Windows\.m2\repository\org\junit\platform\junit-platform-engine\1.10.2\junit-platform-engine-1.10.2.jar;C:\Users\Windows\.m2\repository\org\mockito\mockito-core\5.7.0\mockito-core-5.7.0.jar;C:\Users\Windows\.m2\repository\net\bytebuddy\byte-buddy-agent\1.14.17\byte-buddy-agent-1.14.17.jar;C:\Users\Windows\.m2\repository\org\objenesis\objenesis\3.3\objenesis-3.3.jar;C:\Users\Windows\.m2\repository\org\mockito\mockito-junit-jupiter\5.7.0\mockito-junit-jupiter-5.7.0.jar;C:\Users\Windows\.m2\repository\org\skyscreamer\jsonassert\1.5.1\jsonassert-1.5.1.jar;C:\Users\Windows\.m2\repository\com\vaadin\external\google\android-json\0.0.20131108.vaadin1\android-json-0.0.20131108.vaadin1.jar;C:\Users\Windows\.m2\repository\org\springframework\spring-core\6.1.10\spring-core-6.1.10.jar;C:\Users\Windows\.m2\repository\org\springframework\spring-jcl\6.1.10\spring-jcl-6.1.10.jar;C:\Users\Windows\.m2\repository\org\springframework\spring-test\6.1.10\spring-test-6.1.10.jar;C:\Users\Windows\.m2\repository\org\xmlunit\xmlunit-core\2.9.1\xmlunit-core-2.9.1.jar;C:\Users\Windows\.m2\repository\org\springframework\boot\spring-boot-starter-data-mongodb\3.2.7\spring-boot-starter-data-mongodb-3.2.7.jar;C:\Users\Windows\.m2\repository\org\springframework\data\spring-data-mongodb\4.2.7\spring-data-mongodb-4.2.7.jar;C:\Users\Windows\.m2\repository\org\springframework\spring-tx\6.1.10\spring-tx-6.1.10.jar;C:\Users\Windows\.m2\repository\org\springframework\data\spring-data-commons\3.2.7\spring-data-commons-3.2.7.jar;C:\Users\Windows\.m2\repository\org\mongodb\mongodb-driver-sync\4.11.2\mongodb-driver-sync-4.11.2.jar;C:\Users\Windows\.m2\repository\org\mongodb\bson\4.11.2\bson-4.11.2.jar;C:\Users\Windows\.m2\repository\org\mongodb\mongodb-driver-core\4.11.2\mongodb-driver-core-4.11.2.jar;C:\Users\Windows\.m2\repository\org\mongodb\bson-record-codec\4.11.2\bson-record-codec-4.11.2.jar;C:\Users\Windows\.m2\repository\org\springframework\boot\spring-boot-starter-mail\3.2.7\spring-boot-starter-mail-3.2.7.jar;C:\Users\Windows\.m2\repository\org\springframework\spring-context-support\6.1.10\spring-context-support-6.1.10.jar;C:\Users\Windows\.m2\repository\org\eclipse\angus\jakarta.mail\2.0.3\jakarta.mail-2.0.3.jar;C:\Users\Windows\.m2\repository\org\eclipse\angus\angus-activation\2.0.2\angus-activation-2.0.2.jar;C:\Users\Windows\.m2\repository\org\springframework\boot\spring-boot-starter-security\3.2.7\spring-boot-starter-security-3.2.7.jar;C:\Users\Windows\.m2\repository\org\springframework\spring-aop\6.1.10\spring-aop-6.1.10.jar;C:\Users\Windows\.m2\repository\org\springframework\security\spring-security-config\6.2.5\spring-security-config-6.2.5.jar;C:\Users\Windows\.m2\repository\org\springframework\security\spring-security-core\6.2.5\spring-security-core-6.2.5.jar;C:\Users\Windows\.m2\repository\org\springframework\security\spring-security-crypto\6.2.5\spring-security-crypto-6.2.5.jar;C:\Users\Windows\.m2\repository\org\springframework\security\spring-security-web\6.2.5\spring-security-web-6.2.5.jar;C:\Users\Windows\.m2\repository\org\springframework\boot\spring-boot-devtools\3.2.7\spring-boot-devtools-3.2.7.jar;C:\Users\Windows\.m2\repository\org\springframework\boot\spring-boot\3.2.7\spring-boot-3.2.7.jar;C:\Users\Windows\.m2\repository\org\springframework\boot\spring-boot-autoconfigure\3.2.7\spring-boot-autoconfigure-3.2.7.jar;C:\Users\Windows\.m2\repository\io\jsonwebtoken\jjwt-api\0.12.5\jjwt-api-0.12.5.jar;C:\Users\Windows\.m2\repository\io\jsonwebtoken\jjwt-impl\0.12.5\jjwt-impl-0.12.5.jar;C:\Users\Windows\.m2\repository\io\jsonwebtoken\jjwt-jackson\0.12.5\jjwt-jackson-0.12.5.jar;C:\Users\Windows\.m2\repository\com\fasterxml\jackson\core\jackson-databind\2.15.4\jackson-databind-2.15.4.jar;C:\Users\Windows\.m2\repository\com\fasterxml\jackson\core\jackson-annotations\2.15.4\jackson-annotations-2.15.4.jar;C:\Users\Windows\.m2\repository\com\fasterxml\jackson\core\jackson-core\2.15.4\jackson-core-2.15.4.jar;C:\Users\Windows\.m2\repository\io\github\cdimascio\dotenv-java\2.2.0\dotenv-java-2.2.0.jar;"/>
    <property name="sun.cpu.endian" value="little"/>
    <property name="user.home" value="C:\Users\Windows"/>
    <property name="user.language" value="en"/>
    <property name="java.specification.vendor" value="Oracle Corporation"/>
    <property name="java.version.date" value="2023-08-24"/>
    <property name="java.home" value="C:\Users\Windows\Downloads\sts-4.20.1.RELEASE\plugins\org.eclipse.justj.openjdk.hotspot.jre.full.win32.x86_64_17.0.8.v20230831-1047\jre"/>
    <property name="file.separator" value="\"/>
    <property name="style.color" value="always"/>
    <property name="basedir" value="D:\Spring (Eclipse)\PhotographyPortfolio"/>
    <property name="java.vm.compressedOopsMode" value="32-bit"/>
    <property name="line.separator" value="&#10;"/>
    <property name="java.vm.specification.vendor" value="Oracle Corporation"/>
    <property name="java.specification.name" value="Java Platform API Specification"/>
    <property name="FILE_LOG_CHARSET" value="windows-1252"/>
    <property name="java.awt.headless" value="true"/>
    <property name="surefire.real.class.path" value="C:\Users\Windows\AppData\Local\Temp\surefire13007440542474034854\surefirebooter-20240627133950422_3.jar"/>
    <property name="user.script" value=""/>
    <property name="sun.management.compiler" value="HotSpot 64-Bit Tiered Compilers"/>
    <property name="java.runtime.version" value="17.0.8.1+1"/>
    <property name="user.name" value="Windows"/>
    <property name="path.separator" value=";"/>
    <property name="os.version" value="10.0"/>
    <property name="java.runtime.name" value="OpenJDK Runtime Environment"/>
    <property name="file.encoding" value="Cp1252"/>
    <property name="java.vm.name" value="OpenJDK 64-Bit Server VM"/>
    <property name="java.vendor.version" value="Temurin-17.0.8.1+1"/>
    <property name="localRepository" value="C:\Users\Windows\.m2\repository"/>
    <property name="java.vendor.url.bug" value="https://github.com/adoptium/adoptium-support/issues"/>
    <property name="java.io.tmpdir" value="C:\Users\Windows\AppData\Local\Temp\"/>
    <property name="java.version" value="17.0.8.1"/>
    <property name="user.dir" value="D:\Spring (Eclipse)\PhotographyPortfolio"/>
    <property name="os.arch" value="amd64"/>
    <property name="java.vm.specification.name" value="Java Virtual Machine Specification"/>
    <property name="PID" value="13212"/>
    <property name="sun.os.patch.level" value=""/>
    <property name="CONSOLE_LOG_CHARSET" value="windows-1252"/>
    <property name="native.encoding" value="Cp1252"/>
    <property name="java.library.path" value="C:\Users\Windows\Downloads\sts-4.20.1.RELEASE\plugins\org.eclipse.justj.openjdk.hotspot.jre.full.win32.x86_64_17.0.8.v20230831-1047\jre\bin;C:\WINDOWS\Sun\Java\bin;C:\WINDOWS\system32;C:\WINDOWS;C:/Users/Windows/Downloads/sts-4.20.1.RELEASE//plugins/org.eclipse.justj.openjdk.hotspot.jre.full.win32.x86_64_22.0.0.v20240322-1225/jre/bin/server;C:/Users/Windows/Downloads/sts-4.20.1.RELEASE//plugins/org.eclipse.justj.openjdk.hotspot.jre.full.win32.x86_64_22.0.0.v20240322-1225/jre/bin;C:\Program Files\Common Files\Oracle\Java\javapath;C:\WINDOWS\system32;C:\WINDOWS;C:\WINDOWS\System32\Wbem;C:\WINDOWS\System32\WindowsPowerShell\v1.0\;C:\WINDOWS\System32\OpenSSH\;C:\TDM-GCC-64\bin;C:\Program Files\Java\jdk-17.0.2\bin;C:\Program Files\dotnet\;C:\Program Files (x86)\Intel\Intel(R) Management Engine Components\DAL;C:\Program Files\Intel\Intel(R) Management Engine Components\DAL;C:\Program Files\Java\jdk-21\bin;C:\Program Files\Docker\Docker\resources\bin;C:\Program Files\nodejs\;C:\Program Files\Git\cmd;C:\Program Files\MySQL\MySQL Shell 8.4\bin\;C:\Users\Windows\AppData\Local\Programs\Python\Launcher\;C:\Program Files\MySQL\MySQL Shell 8.0\bin\;C:\Users\Windows\AppData\Local\Programs\Python\Python310\Scripts\;C:\Users\Windows\AppData\Local\Programs\Python\Python310\;C:\Users\Windows\AppData\Local\Microsoft\WindowsApps;C:\Users\Windows\AppData\Local\Programs\Microsoft VS Code\bin;C:\Users\Windows\AppData\Roaming\npm;C:\Users\Windows\Downloads\sts-4.20.1.RELEASE;;."/>
    <property name="java.vm.info" value="mixed mode"/>
    <property name="java.vendor" value="Eclipse Adoptium"/>
    <property name="java.vm.version" value="17.0.8.1+1"/>
    <property name="sun.io.unicode.encoding" value="UnicodeLittle"/>
    <property name="java.class.version" value="61.0"/>
  </properties>
  <testcase name="contextLoads" classname="com.Photography.PhotographyPortfolioApplicationTests" time="2.46">
    <system-out><![CDATA[13:39:53.673 [main] INFO org.springframework.test.context.support.AnnotationConfigContextLoaderUtils -- Could not detect default configuration classes for test class [com.Photography.PhotographyPortfolioApplicationTests]: PhotographyPortfolioApplicationTests does not declare any static, non-private, non-final, nested classes annotated with @Configuration.
13:39:54.116 [main] INFO org.springframework.boot.test.context.SpringBootTestContextBootstrapper -- Found @SpringBootConfiguration com.Photography.PhotographyPortfolioApplication for test class com.Photography.PhotographyPortfolioApplicationTests
13:39:54.752 [main] INFO org.springframework.boot.devtools.restart.RestartApplicationListener -- Restart disabled due to context in which it is running

  .   ____          _            __ _ _
 /\\ / ___'_ __ _ _(_)_ __  __ _ \ \ \ \
( ( )\___ | '_ | '_| | '_ \/ _` | \ \ \ \
 \\/  ___)| |_)| | | | | || (_| |  ) ) ) )
  '  |____| .__|_| |_|_| |_\__, | / / / /
 =========|_|==============|___/=/_/_/_/
 :: Spring Boot ::                (v3.2.7)

2024-06-27T13:39:55.532+05:30  INFO 13212 --- [           main] c.P.PhotographyPortfolioApplicationTests : Starting PhotographyPortfolioApplicationTests using Java 17.0.8.1 with PID 13212 (started by Windows in D:\Spring (Eclipse)\PhotographyPortfolio)
2024-06-27T13:39:55.536+05:30  INFO 13212 --- [           main] c.P.PhotographyPortfolioApplicationTests : No active profile set, falling back to 1 default profile: "default"
2024-06-27T13:39:58.100+05:30  INFO 13212 --- [           main] .s.d.r.c.RepositoryConfigurationDelegate : Bootstrapping Spring Data MongoDB repositories in DEFAULT mode.
2024-06-27T13:39:58.348+05:30  INFO 13212 --- [           main] .s.d.r.c.RepositoryConfigurationDelegate : Finished Spring Data repository scanning in 232 ms. Found 3 MongoDB repository interfaces.
2024-06-27T13:39:59.965+05:30  INFO 13212 --- [           main] org.mongodb.driver.client                : MongoClient with metadata {"driver": {"name": "mongo-java-driver|sync|spring-boot", "version": "4.11.2"}, "os": {"type": "Windows", "name": "Windows 11", "architecture": "amd64", "version": "10.0"}, "platform": "Java/Eclipse Adoptium/17.0.8.1+1"} created with settings MongoClientSettings{readPreference=primary, writeConcern=WriteConcern{w=null, wTimeout=null ms, journal=null}, retryWrites=true, retryReads=true, readConcern=ReadConcern{level=null}, credential=MongoCredential{mechanism=null, userName='root', source='admin', password=<hidden>, mechanismProperties=<hidden>}, transportSettings=null, streamFactoryFactory=null, commandListeners=[], codecRegistry=ProvidersCodecRegistry{codecProviders=[ValueCodecProvider{}, BsonValueCodecProvider{}, DBRefCodecProvider{}, DBObjectCodecProvider{}, DocumentCodecProvider{}, CollectionCodecProvider{}, IterableCodecProvider{}, MapCodecProvider{}, GeoJsonCodecProvider{}, GridFSFileCodecProvider{}, Jsr310CodecProvider{}, JsonObjectCodecProvider{}, BsonCodecProvider{}, EnumCodecProvider{}, com.mongodb.client.model.mql.ExpressionCodecProvider@1a2e0d57, com.mongodb.Jep395RecordCodecProvider@5f025000, com.mongodb.KotlinCodecProvider@10980560]}, loggerSettings=LoggerSettings{maxDocumentLength=1000}, clusterSettings={hosts=[127.0.0.1:27017], srvHost=cluster0.1t6qy2b.mongodb.net, srvServiceName=mongodb, mode=MULTIPLE, requiredClusterType=REPLICA_SET, requiredReplicaSetName='atlas-2ri5b8-shard-0', serverSelector='null', clusterListeners='[]', serverSelectionTimeout='30000 ms', localThreshold='15 ms'}, socketSettings=SocketSettings{connectTimeoutMS=10000, readTimeoutMS=0, receiveBufferSize=0, proxySettings=ProxySettings{host=null, port=null, username=null, password=null}}, heartbeatSocketSettings=SocketSettings{connectTimeoutMS=10000, readTimeoutMS=10000, receiveBufferSize=0, proxySettings=ProxySettings{host=null, port=null, username=null, password=null}}, connectionPoolSettings=ConnectionPoolSettings{maxSize=100, minSize=0, maxWaitTimeMS=120000, maxConnectionLifeTimeMS=0, maxConnectionIdleTimeMS=0, maintenanceInitialDelayMS=0, maintenanceFrequencyMS=60000, connectionPoolListeners=[], maxConnecting=2}, serverSettings=ServerSettings{heartbeatFrequencyMS=10000, minHeartbeatFrequencyMS=500, serverListeners='[]', serverMonitorListeners='[]'}, sslSettings=SslSettings{enabled=true, invalidHostNameAllowed=false, context=null}, applicationName='null', compressorList=[], uuidRepresentation=JAVA_LEGACY, serverApi=null, autoEncryptionSettings=null, dnsClient=null, inetAddressResolver=null, contextProvider=null}
2024-06-27T13:40:00.274+05:30  INFO 13212 --- [y2b.mongodb.net] org.mongodb.driver.cluster               : Adding discovered server ac-5gsf8na-shard-00-02.1t6qy2b.mongodb.net:27017 to client view of cluster
2024-06-27T13:40:00.362+05:30  INFO 13212 --- [y2b.mongodb.net] org.mongodb.driver.cluster               : Adding discovered server ac-5gsf8na-shard-00-01.1t6qy2b.mongodb.net:27017 to client view of cluster
2024-06-27T13:40:00.368+05:30  INFO 13212 --- [y2b.mongodb.net] org.mongodb.driver.cluster               : Adding discovered server ac-5gsf8na-shard-00-00.1t6qy2b.mongodb.net:27017 to client view of cluster
2024-06-27T13:40:01.959+05:30  INFO 13212 --- [           main] o.s.s.web.DefaultSecurityFilterChain     : Will secure any request with [org.springframework.security.web.session.DisableEncodeUrlFilter@6249a08d, org.springframework.security.web.context.request.async.WebAsyncManagerIntegrationFilter@36525ab, org.springframework.security.web.context.SecurityContextHolderFilter@464400b3, org.springframework.security.web.header.HeaderWriterFilter@636dbfe7, org.springframework.web.filter.CorsFilter@27438750, org.springframework.security.web.authentication.logout.LogoutFilter@131ba005, com.Photography.config.JwtFilter@39851c5, org.springframework.security.web.authentication.www.BasicAuthenticationFilter@21280cbb, org.springframework.security.web.savedrequest.RequestCacheAwareFilter@37d6dddc, org.springframework.security.web.servletapi.SecurityContextHolderAwareRequestFilter@6723cce7, org.springframework.security.web.authentication.AnonymousAuthenticationFilter@2c7ad4f3, org.springframework.security.web.session.SessionManagementFilter@6ace919c, org.springframework.security.web.access.ExceptionTranslationFilter@1d637673, org.springframework.security.web.access.intercept.AuthorizationFilter@7d088813]
2024-06-27T13:40:02.770+05:30  INFO 13212 --- [ngodb.net:27017] org.mongodb.driver.cluster               : Monitor thread successfully connected to server with description ServerDescription{address=ac-5gsf8na-shard-00-01.1t6qy2b.mongodb.net:27017, type=REPLICA_SET_SECONDARY, state=CONNECTED, ok=true, minWireVersion=0, maxWireVersion=21, maxDocumentSize=16777216, logicalSessionTimeoutMinutes=30, roundTripTimeNanos=623428800, setName='atlas-2ri5b8-shard-0', canonicalAddress=ac-5gsf8na-shard-00-01.1t6qy2b.mongodb.net:27017, hosts=[ac-5gsf8na-shard-00-01.1t6qy2b.mongodb.net:27017, ac-5gsf8na-shard-00-02.1t6qy2b.mongodb.net:27017, ac-5gsf8na-shard-00-00.1t6qy2b.mongodb.net:27017], passives=[], arbiters=[], primary='ac-5gsf8na-shard-00-02.1t6qy2b.mongodb.net:27017', tagSet=TagSet{[Tag{name='availabilityZone', value='aps1-az3'}, Tag{name='diskState', value='READY'}, Tag{name='nodeType', value='ELECTABLE'}, Tag{name='provider', value='AWS'}, Tag{name='region', value='AP_SOUTH_1'}, Tag{name='workloadType', value='OPERATIONAL'}]}, electionId=null, setVersion=123, topologyVersion=TopologyVersion{processId=667c0165d48169155d06dcc8, counter=3}, lastWriteDate=Thu Jun 27 13:40:00 IST 2024, lastUpdateTimeNanos=1127756008500}
2024-06-27T13:40:02.771+05:30  INFO 13212 --- [ngodb.net:27017] org.mongodb.driver.cluster               : Monitor thread successfully connected to server with description ServerDescription{address=ac-5gsf8na-shard-00-00.1t6qy2b.mongodb.net:27017, type=REPLICA_SET_SECONDARY, state=CONNECTED, ok=true, minWireVersion=0, maxWireVersion=21, maxDocumentSize=16777216, logicalSessionTimeoutMinutes=30, roundTripTimeNanos=418980100, setName='atlas-2ri5b8-shard-0', canonicalAddress=ac-5gsf8na-shard-00-00.1t6qy2b.mongodb.net:27017, hosts=[ac-5gsf8na-shard-00-01.1t6qy2b.mongodb.net:27017, ac-5gsf8na-shard-00-02.1t6qy2b.mongodb.net:27017, ac-5gsf8na-shard-00-00.1t6qy2b.mongodb.net:27017], passives=[], arbiters=[], primary='ac-5gsf8na-shard-00-02.1t6qy2b.mongodb.net:27017', tagSet=TagSet{[Tag{name='availabilityZone', value='aps1-az1'}, Tag{name='diskState', value='READY'}, Tag{name='nodeType', value='ELECTABLE'}, Tag{name='provider', value='AWS'}, Tag{name='region', value='AP_SOUTH_1'}, Tag{name='workloadType', value='OPERATIONAL'}]}, electionId=null, setVersion=123, topologyVersion=TopologyVersion{processId=667c00334957f51f7369a17f, counter=4}, lastWriteDate=Thu Jun 27 13:40:00 IST 2024, lastUpdateTimeNanos=1127756064600}
2024-06-27T13:40:02.771+05:30  INFO 13212 --- [ngodb.net:27017] org.mongodb.driver.cluster               : Monitor thread successfully connected to server with description ServerDescription{address=ac-5gsf8na-shard-00-02.1t6qy2b.mongodb.net:27017, type=REPLICA_SET_PRIMARY, state=CONNECTED, ok=true, minWireVersion=0, maxWireVersion=21, maxDocumentSize=16777216, logicalSessionTimeoutMinutes=30, roundTripTimeNanos=543807000, setName='atlas-2ri5b8-shard-0', canonicalAddress=ac-5gsf8na-shard-00-02.1t6qy2b.mongodb.net:27017, hosts=[ac-5gsf8na-shard-00-01.1t6qy2b.mongodb.net:27017, ac-5gsf8na-shard-00-02.1t6qy2b.mongodb.net:27017, ac-5gsf8na-shard-00-00.1t6qy2b.mongodb.net:27017], passives=[], arbiters=[], primary='ac-5gsf8na-shard-00-02.1t6qy2b.mongodb.net:27017', tagSet=TagSet{[Tag{name='availabilityZone', value='aps1-az2'}, Tag{name='diskState', value='READY'}, Tag{name='nodeType', value='ELECTABLE'}, Tag{name='provider', value='AWS'}, Tag{name='region', value='AP_SOUTH_1'}, Tag{name='workloadType', value='OPERATIONAL'}]}, electionId=7fffffff00000000000001e1, setVersion=123, topologyVersion=TopologyVersion{processId=667bff3cacf0961dd38d3a8d, counter=6}, lastWriteDate=Thu Jun 27 13:40:00 IST 2024, lastUpdateTimeNanos=1127756208300}
2024-06-27T13:40:02.780+05:30  INFO 13212 --- [ngodb.net:27017] org.mongodb.driver.cluster               : Discovered replica set primary ac-5gsf8na-shard-00-02.1t6qy2b.mongodb.net:27017 with max election id 7fffffff00000000000001e1 and max set version 123
2024-06-27T13:40:02.816+05:30  INFO 13212 --- [           main] c.P.PhotographyPortfolioApplicationTests : Started PhotographyPortfolioApplicationTests in 8.122 seconds (process running for 12.015)
]]></system-out>
  </testcase>
</testsuite>